<?xml version="1.0" encoding="UTF-8"?>
<testng-results ignored="0" total="1" passed="1" failed="0" skipped="0">
  <reporter-output>
  </reporter-output>
  <suite started-at="2024-03-27T13:39:13 IST" name="Default suite" finished-at="2024-03-27T13:39:33 IST" duration-ms="19359">
    <groups>
    </groups>
    <test started-at="2024-03-27T13:39:13 IST" name="Default test" finished-at="2024-03-27T13:39:33 IST" duration-ms="19359">
      <class name="maven_jekins.maven_jekins.pagetest1">
        <test-method signature="Testgoogle()[pri:0, instance:maven_jekins.maven_jekins.pagetest1@4d1c005e]" started-at="2024-03-27T13:39:13 IST" name="Testgoogle" finished-at="2024-03-27T13:39:33 IST" duration-ms="19268" status="PASS">
          <reporter-output>
          </reporter-output>
        </test-method> <!-- Testgoogle -->
      </class> <!-- maven_jekins.maven_jekins.pagetest1 -->
    </test> <!-- Default test -->
  </suite> <!-- Default suite -->
</testng-results>
